[00:15:05.551] Global cache location '/home/alex/.cache/typescript/4.7', safe file path '/usr/lib/node_modules/typescript/lib/typingSafeList.json', types map path /usr/lib/node_modules/typescript/lib/typesMap.json
[00:15:05.552] Processing cache location '/home/alex/.cache/typescript/4.7'
[00:15:05.554] Trying to find '/home/alex/.cache/typescript/4.7/package.json'...
[00:15:05.557] Loaded content of '/home/alex/.cache/typescript/4.7/package.json': {"private":true,"dependencies":{"types-registry":"^0.1.617"},"devDependencies":{"@types/atpl":"^0.0.30","@types/bluebird":"^3.5.37","@types/body-parser":"^1.19.2","@types/buffer-from":"^1.1.0","@types/bytes":"^3.1.1","@types/caseless":"^0.12.2","@types/concat-stream":"^2.0.0","@types/consolidate":"^0.14.1","@types/content-type":"^1.1.5","@types/cors":"^2.8.12","@types/debug":"^4.1.7","@types/depd":"^1.1.32","@types/dot":"^1.1.5","@types/dustjs-linkedin":"^1.2.31","@types/ejs":"^3.1.1","@types/express":"^4.17.14","@types/hogan.js":"^3.0.1","@types/http-errors":"^2.0.0","@types/inherits":"^0.0.30","@types/jade":"^0.0.31","@types/jsrsasign":"^10.5.4","@types/lodash":"^4.14.186","@types/merge-descriptors":"^1.0.1","@types/mustache":"^4.2.1","@types/node":"^18.11.7","@types/nunjucks":"^3.2.1","@types/qs":"^6.9.7","@types/randombytes":"^2.0.0","@types/randomstring":"^1.1.8","@types/react":"^18.0.24","@types/readable-stream":"^2.3.14","@types/request":"^2.48.8","@types/serve-static":"^1.15.0","@types/sprintf-js":"^1.1.2","@types/swig":"^0.0.30","@types/type-is":"^1.6.3","@types/underscore":"^1.11.4","@types/underscore.string":"^0.0.38","@types/util-deprecate":"^1.0.0"}}
[00:15:05.557] Loaded content of '/home/alex/.cache/typescript/4.7/package-lock.json'
[00:15:05.577] Adding entry into typings cache: 'atpl' => '/home/alex/.cache/typescript/4.7/node_modules/@types/atpl/index.d.ts'
[00:15:05.584] Adding entry into typings cache: 'bluebird' => '/home/alex/.cache/typescript/4.7/node_modules/@types/bluebird/index.d.ts'
[00:15:05.589] Adding entry into typings cache: 'body-parser' => '/home/alex/.cache/typescript/4.7/node_modules/@types/body-parser/index.d.ts'
[00:15:05.591] Adding entry into typings cache: 'buffer-from' => '/home/alex/.cache/typescript/4.7/node_modules/@types/buffer-from/index.d.ts'
[00:15:05.594] Adding entry into typings cache: 'bytes' => '/home/alex/.cache/typescript/4.7/node_modules/@types/bytes/index.d.ts'
[00:15:05.598] Adding entry into typings cache: 'caseless' => '/home/alex/.cache/typescript/4.7/node_modules/@types/caseless/index.d.ts'
[00:15:05.600] Adding entry into typings cache: 'concat-stream' => '/home/alex/.cache/typescript/4.7/node_modules/@types/concat-stream/index.d.ts'
[00:15:05.604] Adding entry into typings cache: 'consolidate' => '/home/alex/.cache/typescript/4.7/node_modules/@types/consolidate/index.d.ts'
[00:15:05.607] Adding entry into typings cache: 'content-type' => '/home/alex/.cache/typescript/4.7/node_modules/@types/content-type/index.d.ts'
[00:15:05.610] Adding entry into typings cache: 'cors' => '/home/alex/.cache/typescript/4.7/node_modules/@types/cors/index.d.ts'
[00:15:05.616] Adding entry into typings cache: 'debug' => '/home/alex/.cache/typescript/4.7/node_modules/@types/debug/index.d.ts'
[00:15:05.619] Adding entry into typings cache: 'depd' => '/home/alex/.cache/typescript/4.7/node_modules/@types/depd/index.d.ts'
[00:15:05.621] Adding entry into typings cache: 'dot' => '/home/alex/.cache/typescript/4.7/node_modules/@types/dot/index.d.ts'
[00:15:05.623] Adding entry into typings cache: 'dustjs-linkedin' => '/home/alex/.cache/typescript/4.7/node_modules/@types/dustjs-linkedin/index.d.ts'
[00:15:05.624] Adding entry into typings cache: 'ejs' => '/home/alex/.cache/typescript/4.7/node_modules/@types/ejs/index.d.ts'
[00:15:05.629] Adding entry into typings cache: 'express' => '/home/alex/.cache/typescript/4.7/node_modules/@types/express/index.d.ts'
[00:15:05.633] Adding entry into typings cache: 'hogan.js' => '/home/alex/.cache/typescript/4.7/node_modules/@types/hogan.js/index.d.ts'
[00:15:05.635] Adding entry into typings cache: 'http-errors' => '/home/alex/.cache/typescript/4.7/node_modules/@types/http-errors/index.d.ts'
[00:15:05.637] Adding entry into typings cache: 'inherits' => '/home/alex/.cache/typescript/4.7/node_modules/@types/inherits/index.d.ts'
[00:15:05.639] Adding entry into typings cache: 'jade' => '/home/alex/.cache/typescript/4.7/node_modules/@types/jade/index.d.ts'
[00:15:05.641] Adding entry into typings cache: 'jsrsasign' => '/home/alex/.cache/typescript/4.7/node_modules/@types/jsrsasign/index.d.ts'
[00:15:05.645] Adding entry into typings cache: 'lodash' => '/home/alex/.cache/typescript/4.7/node_modules/@types/lodash/index.d.ts'
[00:15:05.649] Adding entry into typings cache: 'merge-descriptors' => '/home/alex/.cache/typescript/4.7/node_modules/@types/merge-descriptors/index.d.ts'
[00:15:05.652] Adding entry into typings cache: 'mustache' => '/home/alex/.cache/typescript/4.7/node_modules/@types/mustache/index.d.ts'
[00:15:05.660] Adding entry into typings cache: 'node' => '/home/alex/.cache/typescript/4.7/node_modules/@types/node/ts4.8/index.d.ts'
[00:15:05.661] Adding entry into typings cache: 'nunjucks' => '/home/alex/.cache/typescript/4.7/node_modules/@types/nunjucks/index.d.ts'
[00:15:05.664] Adding entry into typings cache: 'qs' => '/home/alex/.cache/typescript/4.7/node_modules/@types/qs/index.d.ts'
[00:15:05.666] Adding entry into typings cache: 'randombytes' => '/home/alex/.cache/typescript/4.7/node_modules/@types/randombytes/index.d.ts'
[00:15:05.668] Adding entry into typings cache: 'randomstring' => '/home/alex/.cache/typescript/4.7/node_modules/@types/randomstring/index.d.ts'
[00:15:05.673] Adding entry into typings cache: 'react' => '/home/alex/.cache/typescript/4.7/node_modules/@types/react/index.d.ts'
[00:15:05.674] Adding entry into typings cache: 'readable-stream' => '/home/alex/.cache/typescript/4.7/node_modules/@types/readable-stream/index.d.ts'
[00:15:05.677] Adding entry into typings cache: 'request' => '/home/alex/.cache/typescript/4.7/node_modules/@types/request/index.d.ts'
[00:15:05.678] Adding entry into typings cache: 'serve-static' => '/home/alex/.cache/typescript/4.7/node_modules/@types/serve-static/index.d.ts'
[00:15:05.680] Adding entry into typings cache: 'sprintf-js' => '/home/alex/.cache/typescript/4.7/node_modules/@types/sprintf-js/index.d.ts'
[00:15:05.681] Adding entry into typings cache: 'swig' => '/home/alex/.cache/typescript/4.7/node_modules/@types/swig/index.d.ts'
[00:15:05.683] Adding entry into typings cache: 'type-is' => '/home/alex/.cache/typescript/4.7/node_modules/@types/type-is/index.d.ts'
[00:15:05.686] Adding entry into typings cache: 'underscore' => '/home/alex/.cache/typescript/4.7/node_modules/@types/underscore/index.d.ts'
[00:15:05.688] Adding entry into typings cache: 'underscore.string' => '/home/alex/.cache/typescript/4.7/node_modules/@types/underscore.string/index.d.ts'
[00:15:05.689] Adding entry into typings cache: 'util-deprecate' => '/home/alex/.cache/typescript/4.7/node_modules/@types/util-deprecate/index.d.ts'
[00:15:05.689] Finished processing cache location '/home/alex/.cache/typescript/4.7'
[00:15:05.690] Process id: 274736
[00:15:05.690] NPM location: /usr/bin/npm (explicit '--npmLocation' not  provided)
[00:15:05.690] validateDefaultNpmLocation: false
[00:15:05.690] Npm config file: /home/alex/.cache/typescript/4.7/package.json
[00:15:05.690] Updating types-registry npm package...
[00:15:05.690] Exec: /usr/bin/npm install --ignore-scripts types-registry@latest
[00:15:08.288]     Succeeded. stdout:
    
    changed 1 package, and audited 57 packages in 2s

1 package is looking for funding
  run `npm fund` for details

found 0 vulnerabilities

[00:15:08.288] Updated types-registry npm package
